{"numFailedTestSuites":0,"numFailedTests":0,"numPassedTestSuites":1,"numPassedTests":2,"numPendingTestSuites":0,"numPendingTests":0,"numRuntimeErrorTestSuites":0,"numTodoTests":0,"numTotalTestSuites":1,"numTotalTests":2,"openHandles":[],"snapshot":{"added":0,"didUpdate":false,"failure":false,"filesAdded":0,"filesRemoved":0,"filesRemovedList":[],"filesUnmatched":0,"filesUpdated":0,"matched":0,"total":0,"unchecked":0,"uncheckedKeysByFile":[],"unmatched":0,"updated":0},"startTime":1740826093882,"success":true,"testResults":[{"assertionResults":[{"ancestorTitles":["Basic Math Test"],"duration":3,"failureDetails":[],"failureMessages":[],"fullName":"Basic Math Test adds 1 + 2 to equal 3","invocations":1,"location":null,"numPassingAsserts":1,"retryReasons":[],"status":"passed","title":"adds 1 + 2 to equal 3"},{"ancestorTitles":["API Endpoint Tests"],"duration":109,"failureDetails":[],"failureMessages":[],"fullName":"API Endpoint Tests GET /getfile should return status 200","invocations":1,"location":null,"numPassingAsserts":1,"retryReasons":[],"status":"passed","title":"GET /getfile should return status 200"}],"endTime":1740826097003,"message":"","name":"C:\\Users\\rishi\\OneDrive\\Desktop\\capstone\\S60_HOUSEOFSPICES_CAPSTONE\\SERVER\\sum.test.js","startTime":1740826093998,"status":"passed","summary":""}],"wasInterrupted":false}
