{"C:\\Users\\rishi\\OneDrive\\Desktop\\capstone\\S60_HOUSEOFSPICES_CAPSTONE\\SERVER\\mongo.js": {"path":"C:\\Users\\rishi\\OneDrive\\Desktop\\capstone\\S60_HOUSEOFSPICES_CAPSTONE\\SERVER\\mongo.js","statementMap":{"0":{"start":{"line":1,"column":17},"end":{"line":1,"column":36}},"1":{"start":{"line":2,"column":12},"end":{"line":2,"column":29}},"2":{"start":{"line":3,"column":13},"end":{"line":3,"column":32}},"3":{"start":{"line":4,"column":21},"end":{"line":4,"column":35}},"4":{"start":{"line":5,"column":0},"end":{"line":5,"column":13}},"5":{"start":{"line":7,"column":4},"end":{"line":12,"column":5}},"6":{"start":{"line":8,"column":8},"end":{"line":8,"column":107}},"7":{"start":{"line":9,"column":8},"end":{"line":9,"column":44}},"8":{"start":{"line":11,"column":8},"end":{"line":11,"column":61}},"9":{"start":{"line":14,"column":21},"end":{"line":35,"column":2}},"10":{"start":{"line":36,"column":17},"end":{"line":49,"column":2}},"11":{"start":{"line":51,"column":29},"end":{"line":60,"column":2}},"12":{"start":{"line":62,"column":17},"end":{"line":65,"column":2}},"13":{"start":{"line":67,"column":17},"end":{"line":70,"column":2}},"14":{"start":{"line":72,"column":14},"end":{"line":72,"column":51}},"15":{"start":{"line":73,"column":23},"end":{"line":73,"column":77}},"16":{"start":{"line":74,"column":18},"end":{"line":74,"column":57}},"17":{"start":{"line":75,"column":18},"end":{"line":75,"column":51}},"18":{"start":{"line":76,"column":0},"end":{"line":83,"column":2}}},"fnMap":{"0":{"name":"backEnd","decl":{"start":{"line":6,"column":15},"end":{"line":6,"column":22}},"loc":{"start":{"line":6,"column":25},"end":{"line":13,"column":1}},"line":6}},"branchMap":{},"s":{"0":1,"1":1,"2":1,"3":1,"4":1,"5":1,"6":1,"7":0,"8":0,"9":1,"10":1,"11":1,"12":1,"13":1,"14":1,"15":1,"16":1,"17":1,"18":1},"f":{"0":1},"b":{},"_coverageSchema":"1a1c01bbd47fc00a2c39e90264f33305004495a9","hash":"9d834d2cda4cd229dc6d5b85207f8e774f32458d"}
,"C:\\Users\\rishi\\OneDrive\\Desktop\\capstone\\S60_HOUSEOFSPICES_CAPSTONE\\SERVER\\routes.js": {"path":"C:\\Users\\rishi\\OneDrive\\Desktop\\capstone\\S60_HOUSEOFSPICES_CAPSTONE\\SERVER\\routes.js","statementMap":{"0":{"start":{"line":1,"column":16},"end":{"line":1,"column":34}},"1":{"start":{"line":2,"column":15},"end":{"line":2,"column":37}},"2":{"start":{"line":3,"column":18},"end":{"line":3,"column":27}},"3":{"start":{"line":4,"column":12},"end":{"line":4,"column":29}},"4":{"start":{"line":5,"column":12},"end":{"line":5,"column":35}},"5":{"start":{"line":6,"column":19},"end":{"line":6,"column":40}},"6":{"start":{"line":7,"column":64},"end":{"line":7,"column":82}},"7":{"start":{"line":8,"column":0},"end":{"line":8,"column":30}},"8":{"start":{"line":9,"column":0},"end":{"line":9,"column":13}},"9":{"start":{"line":11,"column":20},"end":{"line":17,"column":2}},"10":{"start":{"line":19,"column":0},"end":{"line":23,"column":3}},"11":{"start":{"line":20,"column":4},"end":{"line":22,"column":43}},"12":{"start":{"line":21,"column":27},"end":{"line":21,"column":48}},"13":{"start":{"line":22,"column":24},"end":{"line":22,"column":41}},"14":{"start":{"line":25,"column":0},"end":{"line":29,"column":3}},"15":{"start":{"line":26,"column":4},"end":{"line":28,"column":39}},"16":{"start":{"line":27,"column":24},"end":{"line":27,"column":38}},"17":{"start":{"line":28,"column":24},"end":{"line":28,"column":37}},"18":{"start":{"line":31,"column":0},"end":{"line":36,"column":3}},"19":{"start":{"line":32,"column":15},"end":{"line":32,"column":28}},"20":{"start":{"line":33,"column":4},"end":{"line":35,"column":39}},"21":{"start":{"line":34,"column":24},"end":{"line":34,"column":38}},"22":{"start":{"line":35,"column":24},"end":{"line":35,"column":37}},"23":{"start":{"line":38,"column":0},"end":{"line":46,"column":3}},"24":{"start":{"line":39,"column":15},"end":{"line":39,"column":28}},"25":{"start":{"line":40,"column":4},"end":{"line":45,"column":69}},"26":{"start":{"line":44,"column":20},"end":{"line":44,"column":62}},"27":{"start":{"line":45,"column":24},"end":{"line":45,"column":67}},"28":{"start":{"line":48,"column":0},"end":{"line":52,"column":3}},"29":{"start":{"line":49,"column":4},"end":{"line":51,"column":43}},"30":{"start":{"line":50,"column":21},"end":{"line":50,"column":36}},"31":{"start":{"line":51,"column":24},"end":{"line":51,"column":41}},"32":{"start":{"line":54,"column":0},"end":{"line":65,"column":3}},"33":{"start":{"line":55,"column":16},"end":{"line":55,"column":30}},"34":{"start":{"line":56,"column":4},"end":{"line":64,"column":90}},"35":{"start":{"line":63,"column":16},"end":{"line":63,"column":32}},"36":{"start":{"line":64,"column":20},"end":{"line":64,"column":88}},"37":{"start":{"line":67,"column":0},"end":{"line":75,"column":3}},"38":{"start":{"line":68,"column":29},"end":{"line":68,"column":54}},"39":{"start":{"line":69,"column":4},"end":{"line":71,"column":5}},"40":{"start":{"line":70,"column":8},"end":{"line":70,"column":76}},"41":{"start":{"line":72,"column":4},"end":{"line":74,"column":39}},"42":{"start":{"line":73,"column":23},"end":{"line":73,"column":36}},"43":{"start":{"line":74,"column":24},"end":{"line":74,"column":37}},"44":{"start":{"line":77,"column":0},"end":{"line":90,"column":3}},"45":{"start":{"line":78,"column":4},"end":{"line":89,"column":39}},"46":{"start":{"line":80,"column":12},"end":{"line":87,"column":87}},"47":{"start":{"line":86,"column":24},"end":{"line":86,"column":37}},"48":{"start":{"line":87,"column":28},"end":{"line":87,"column":85}},"49":{"start":{"line":89,"column":24},"end":{"line":89,"column":37}},"50":{"start":{"line":92,"column":0},"end":{"line":96,"column":3}},"51":{"start":{"line":93,"column":4},"end":{"line":95,"column":39}},"52":{"start":{"line":94,"column":23},"end":{"line":94,"column":36}},"53":{"start":{"line":95,"column":24},"end":{"line":95,"column":37}},"54":{"start":{"line":98,"column":0},"end":{"line":137,"column":3}},"55":{"start":{"line":99,"column":33},"end":{"line":99,"column":41}},"56":{"start":{"line":100,"column":4},"end":{"line":100,"column":26}},"57":{"start":{"line":102,"column":4},"end":{"line":136,"column":11}},"58":{"start":{"line":104,"column":12},"end":{"line":131,"column":13}},"59":{"start":{"line":105,"column":16},"end":{"line":127,"column":17}},"60":{"start":{"line":106,"column":20},"end":{"line":106,"column":54}},"61":{"start":{"line":107,"column":20},"end":{"line":107,"column":38}},"62":{"start":{"line":109,"column":36},"end":{"line":113,"column":21}},"63":{"start":{"line":115,"column":20},"end":{"line":122,"column":23}},"64":{"start":{"line":116,"column":24},"end":{"line":121,"column":25}},"65":{"start":{"line":117,"column":28},"end":{"line":117,"column":71}},"66":{"start":{"line":118,"column":28},"end":{"line":118,"column":95}},"67":{"start":{"line":120,"column":28},"end":{"line":120,"column":98}},"68":{"start":{"line":125,"column":20},"end":{"line":125,"column":96}},"69":{"start":{"line":126,"column":20},"end":{"line":126,"column":58}},"70":{"start":{"line":129,"column":16},"end":{"line":129,"column":85}},"71":{"start":{"line":130,"column":16},"end":{"line":130,"column":45}},"72":{"start":{"line":134,"column":12},"end":{"line":134,"column":62}},"73":{"start":{"line":135,"column":12},"end":{"line":135,"column":100}},"74":{"start":{"line":139,"column":0},"end":{"line":144,"column":3}},"75":{"start":{"line":140,"column":16},"end":{"line":140,"column":30}},"76":{"start":{"line":141,"column":4},"end":{"line":143,"column":51}},"77":{"start":{"line":142,"column":21},"end":{"line":142,"column":32}},"78":{"start":{"line":143,"column":24},"end":{"line":143,"column":49}},"79":{"start":{"line":148,"column":4},"end":{"line":155,"column":5}},"80":{"start":{"line":149,"column":8},"end":{"line":149,"column":98}},"81":{"start":{"line":150,"column":8},"end":{"line":152,"column":9}},"82":{"start":{"line":151,"column":12},"end":{"line":151,"column":75}},"83":{"start":{"line":154,"column":8},"end":{"line":154,"column":64}},"84":{"start":{"line":156,"column":4},"end":{"line":156,"column":30}},"85":{"start":{"line":157,"column":4},"end":{"line":157,"column":11}},"86":{"start":{"line":160,"column":0},"end":{"line":162,"column":3}},"87":{"start":{"line":161,"column":4},"end":{"line":161,"column":28}},"88":{"start":{"line":164,"column":0},"end":{"line":192,"column":3}},"89":{"start":{"line":165,"column":23},"end":{"line":165,"column":38}},"90":{"start":{"line":166,"column":4},"end":{"line":166,"column":34}},"91":{"start":{"line":167,"column":4},"end":{"line":169,"column":5}},"92":{"start":{"line":168,"column":8},"end":{"line":168,"column":76}},"93":{"start":{"line":170,"column":4},"end":{"line":191,"column":5}},"94":{"start":{"line":171,"column":24},"end":{"line":171,"column":79}},"95":{"start":{"line":172,"column":8},"end":{"line":186,"column":9}},"96":{"start":{"line":173,"column":12},"end":{"line":176,"column":15}},"97":{"start":{"line":178,"column":12},"end":{"line":185,"column":15}},"98":{"start":{"line":179,"column":33},"end":{"line":179,"column":88}},"99":{"start":{"line":179,"column":65},"end":{"line":179,"column":87}},"100":{"start":{"line":180,"column":16},"end":{"line":184,"column":17}},"101":{"start":{"line":181,"column":20},"end":{"line":181,"column":68}},"102":{"start":{"line":183,"column":20},"end":{"line":183,"column":60}},"103":{"start":{"line":187,"column":8},"end":{"line":187,"column":31}},"104":{"start":{"line":188,"column":8},"end":{"line":188,"column":28}},"105":{"start":{"line":190,"column":8},"end":{"line":190,"column":57}},"106":{"start":{"line":194,"column":0},"end":{"line":194,"column":27}}},"fnMap":{"0":{"name":"(anonymous_0)","decl":{"start":{"line":19,"column":26},"end":{"line":19,"column":27}},"loc":{"start":{"line":19,"column":40},"end":{"line":23,"column":1}},"line":19},"1":{"name":"(anonymous_1)","decl":{"start":{"line":21,"column":14},"end":{"line":21,"column":15}},"loc":{"start":{"line":21,"column":27},"end":{"line":21,"column":48}},"line":21},"2":{"name":"(anonymous_2)","decl":{"start":{"line":22,"column":15},"end":{"line":22,"column":16}},"loc":{"start":{"line":22,"column":24},"end":{"line":22,"column":41}},"line":22},"3":{"name":"(anonymous_3)","decl":{"start":{"line":25,"column":28},"end":{"line":25,"column":29}},"loc":{"start":{"line":25,"column":48},"end":{"line":29,"column":1}},"line":25},"4":{"name":"(anonymous_4)","decl":{"start":{"line":27,"column":14},"end":{"line":27,"column":15}},"loc":{"start":{"line":27,"column":24},"end":{"line":27,"column":38}},"line":27},"5":{"name":"(anonymous_5)","decl":{"start":{"line":28,"column":15},"end":{"line":28,"column":16}},"loc":{"start":{"line":28,"column":24},"end":{"line":28,"column":37}},"line":28},"6":{"name":"(anonymous_6)","decl":{"start":{"line":31,"column":36},"end":{"line":31,"column":37}},"loc":{"start":{"line":31,"column":56},"end":{"line":36,"column":1}},"line":31},"7":{"name":"(anonymous_7)","decl":{"start":{"line":34,"column":14},"end":{"line":34,"column":15}},"loc":{"start":{"line":34,"column":24},"end":{"line":34,"column":38}},"line":34},"8":{"name":"(anonymous_8)","decl":{"start":{"line":35,"column":15},"end":{"line":35,"column":16}},"loc":{"start":{"line":35,"column":24},"end":{"line":35,"column":37}},"line":35},"9":{"name":"(anonymous_9)","decl":{"start":{"line":38,"column":32},"end":{"line":38,"column":33}},"loc":{"start":{"line":38,"column":46},"end":{"line":46,"column":1}},"line":38},"10":{"name":"(anonymous_10)","decl":{"start":{"line":44,"column":14},"end":{"line":44,"column":15}},"loc":{"start":{"line":44,"column":20},"end":{"line":44,"column":62}},"line":44},"11":{"name":"(anonymous_11)","decl":{"start":{"line":45,"column":15},"end":{"line":45,"column":16}},"loc":{"start":{"line":45,"column":24},"end":{"line":45,"column":67}},"line":45},"12":{"name":"(anonymous_12)","decl":{"start":{"line":48,"column":22},"end":{"line":48,"column":23}},"loc":{"start":{"line":48,"column":36},"end":{"line":52,"column":1}},"line":48},"13":{"name":"(anonymous_13)","decl":{"start":{"line":50,"column":14},"end":{"line":50,"column":15}},"loc":{"start":{"line":50,"column":21},"end":{"line":50,"column":36}},"line":50},"14":{"name":"(anonymous_14)","decl":{"start":{"line":51,"column":15},"end":{"line":51,"column":16}},"loc":{"start":{"line":51,"column":24},"end":{"line":51,"column":41}},"line":51},"15":{"name":"(anonymous_15)","decl":{"start":{"line":54,"column":27},"end":{"line":54,"column":28}},"loc":{"start":{"line":54,"column":41},"end":{"line":65,"column":1}},"line":54},"16":{"name":"(anonymous_16)","decl":{"start":{"line":63,"column":10},"end":{"line":63,"column":11}},"loc":{"start":{"line":63,"column":16},"end":{"line":63,"column":32}},"line":63},"17":{"name":"(anonymous_17)","decl":{"start":{"line":64,"column":11},"end":{"line":64,"column":12}},"loc":{"start":{"line":64,"column":20},"end":{"line":64,"column":88}},"line":64},"18":{"name":"(anonymous_18)","decl":{"start":{"line":67,"column":24},"end":{"line":67,"column":25}},"loc":{"start":{"line":67,"column":38},"end":{"line":75,"column":1}},"line":67},"19":{"name":"(anonymous_19)","decl":{"start":{"line":73,"column":14},"end":{"line":73,"column":15}},"loc":{"start":{"line":73,"column":23},"end":{"line":73,"column":36}},"line":73},"20":{"name":"(anonymous_20)","decl":{"start":{"line":74,"column":15},"end":{"line":74,"column":16}},"loc":{"start":{"line":74,"column":24},"end":{"line":74,"column":37}},"line":74},"21":{"name":"(anonymous_21)","decl":{"start":{"line":77,"column":29},"end":{"line":77,"column":30}},"loc":{"start":{"line":77,"column":43},"end":{"line":90,"column":1}},"line":77},"22":{"name":"(anonymous_22)","decl":{"start":{"line":79,"column":14},"end":{"line":79,"column":15}},"loc":{"start":{"line":79,"column":23},"end":{"line":88,"column":9}},"line":79},"23":{"name":"(anonymous_23)","decl":{"start":{"line":86,"column":18},"end":{"line":86,"column":19}},"loc":{"start":{"line":86,"column":24},"end":{"line":86,"column":37}},"line":86},"24":{"name":"(anonymous_24)","decl":{"start":{"line":87,"column":19},"end":{"line":87,"column":20}},"loc":{"start":{"line":87,"column":28},"end":{"line":87,"column":85}},"line":87},"25":{"name":"(anonymous_25)","decl":{"start":{"line":89,"column":15},"end":{"line":89,"column":16}},"loc":{"start":{"line":89,"column":24},"end":{"line":89,"column":37}},"line":89},"26":{"name":"(anonymous_26)","decl":{"start":{"line":92,"column":23},"end":{"line":92,"column":24}},"loc":{"start":{"line":92,"column":37},"end":{"line":96,"column":1}},"line":92},"27":{"name":"(anonymous_27)","decl":{"start":{"line":94,"column":14},"end":{"line":94,"column":15}},"loc":{"start":{"line":94,"column":23},"end":{"line":94,"column":36}},"line":94},"28":{"name":"(anonymous_28)","decl":{"start":{"line":95,"column":15},"end":{"line":95,"column":16}},"loc":{"start":{"line":95,"column":24},"end":{"line":95,"column":37}},"line":95},"29":{"name":"(anonymous_29)","decl":{"start":{"line":98,"column":25},"end":{"line":98,"column":26}},"loc":{"start":{"line":98,"column":39},"end":{"line":137,"column":1}},"line":98},"30":{"name":"(anonymous_30)","decl":{"start":{"line":103,"column":14},"end":{"line":103,"column":15}},"loc":{"start":{"line":103,"column":24},"end":{"line":132,"column":9}},"line":103},"31":{"name":"(anonymous_31)","decl":{"start":{"line":115,"column":83},"end":{"line":115,"column":84}},"loc":{"start":{"line":115,"column":104},"end":{"line":122,"column":21}},"line":115},"32":{"name":"(anonymous_32)","decl":{"start":{"line":133,"column":15},"end":{"line":133,"column":16}},"loc":{"start":{"line":133,"column":24},"end":{"line":136,"column":9}},"line":133},"33":{"name":"(anonymous_33)","decl":{"start":{"line":139,"column":33},"end":{"line":139,"column":34}},"loc":{"start":{"line":139,"column":47},"end":{"line":144,"column":1}},"line":139},"34":{"name":"(anonymous_34)","decl":{"start":{"line":142,"column":14},"end":{"line":142,"column":15}},"loc":{"start":{"line":142,"column":21},"end":{"line":142,"column":32}},"line":142},"35":{"name":"(anonymous_35)","decl":{"start":{"line":143,"column":15},"end":{"line":143,"column":16}},"loc":{"start":{"line":143,"column":24},"end":{"line":143,"column":49}},"line":143},"36":{"name":"getcartdetails","decl":{"start":{"line":146,"column":15},"end":{"line":146,"column":29}},"loc":{"start":{"line":146,"column":46},"end":{"line":158,"column":1}},"line":146},"37":{"name":"(anonymous_37)","decl":{"start":{"line":160,"column":51},"end":{"line":160,"column":52}},"loc":{"start":{"line":160,"column":65},"end":{"line":162,"column":1}},"line":160},"38":{"name":"(anonymous_38)","decl":{"start":{"line":164,"column":37},"end":{"line":164,"column":38}},"loc":{"start":{"line":164,"column":57},"end":{"line":192,"column":1}},"line":164},"39":{"name":"(anonymous_39)","decl":{"start":{"line":178,"column":31},"end":{"line":178,"column":32}},"loc":{"start":{"line":178,"column":53},"end":{"line":185,"column":13}},"line":178},"40":{"name":"(anonymous_40)","decl":{"start":{"line":179,"column":60},"end":{"line":179,"column":61}},"loc":{"start":{"line":179,"column":65},"end":{"line":179,"column":87}},"line":179}},"branchMap":{"0":{"loc":{"start":{"line":69,"column":4},"end":{"line":71,"column":5}},"type":"if","locations":[{"start":{"line":69,"column":4},"end":{"line":71,"column":5}},{"start":{},"end":{}}],"line":69},"1":{"loc":{"start":{"line":104,"column":12},"end":{"line":131,"column":13}},"type":"if","locations":[{"start":{"line":104,"column":12},"end":{"line":131,"column":13}},{"start":{"line":128,"column":19},"end":{"line":131,"column":13}}],"line":104},"2":{"loc":{"start":{"line":105,"column":16},"end":{"line":127,"column":17}},"type":"if","locations":[{"start":{"line":105,"column":16},"end":{"line":127,"column":17}},{"start":{"line":124,"column":23},"end":{"line":127,"column":17}}],"line":105},"3":{"loc":{"start":{"line":105,"column":20},"end":{"line":105,"column":58}},"type":"binary-expr","locations":[{"start":{"line":105,"column":20},"end":{"line":105,"column":36}},{"start":{"line":105,"column":40},"end":{"line":105,"column":58}}],"line":105},"4":{"loc":{"start":{"line":116,"column":24},"end":{"line":121,"column":25}},"type":"if","locations":[{"start":{"line":116,"column":24},"end":{"line":121,"column":25}},{"start":{"line":119,"column":31},"end":{"line":121,"column":25}}],"line":116},"5":{"loc":{"start":{"line":150,"column":8},"end":{"line":152,"column":9}},"type":"if","locations":[{"start":{"line":150,"column":8},"end":{"line":152,"column":9}},{"start":{},"end":{}}],"line":150},"6":{"loc":{"start":{"line":167,"column":4},"end":{"line":169,"column":5}},"type":"if","locations":[{"start":{"line":167,"column":4},"end":{"line":169,"column":5}},{"start":{},"end":{}}],"line":167},"7":{"loc":{"start":{"line":172,"column":8},"end":{"line":186,"column":9}},"type":"if","locations":[{"start":{"line":172,"column":8},"end":{"line":186,"column":9}},{"start":{"line":177,"column":15},"end":{"line":186,"column":9}}],"line":172},"8":{"loc":{"start":{"line":180,"column":16},"end":{"line":184,"column":17}},"type":"if","locations":[{"start":{"line":180,"column":16},"end":{"line":184,"column":17}},{"start":{"line":182,"column":23},"end":{"line":184,"column":17}}],"line":180}},"s":{"0":1,"1":1,"2":1,"3":1,"4":1,"5":1,"6":1,"7":1,"8":1,"9":1,"10":1,"11":0,"12":0,"13":0,"14":1,"15":0,"16":0,"17":0,"18":1,"19":0,"20":0,"21":0,"22":0,"23":1,"24":0,"25":0,"26":0,"27":0,"28":1,"29":0,"30":0,"31":0,"32":1,"33":0,"34":0,"35":0,"36":0,"37":1,"38":0,"39":0,"40":0,"41":0,"42":0,"43":0,"44":1,"45":0,"46":0,"47":0,"48":0,"49":0,"50":1,"51":0,"52":0,"53":0,"54":1,"55":0,"56":0,"57":0,"58":0,"59":0,"60":0,"61":0,"62":0,"63":0,"64":0,"65":0,"66":0,"67":0,"68":0,"69":0,"70":0,"71":0,"72":0,"73":0,"74":1,"75":0,"76":0,"77":0,"78":0,"79":0,"80":0,"81":0,"82":0,"83":0,"84":0,"85":0,"86":1,"87":0,"88":1,"89":0,"90":0,"91":0,"92":0,"93":0,"94":0,"95":0,"96":0,"97":0,"98":0,"99":0,"100":0,"101":0,"102":0,"103":0,"104":0,"105":0,"106":1},"f":{"0":0,"1":0,"2":0,"3":0,"4":0,"5":0,"6":0,"7":0,"8":0,"9":0,"10":0,"11":0,"12":0,"13":0,"14":0,"15":0,"16":0,"17":0,"18":0,"19":0,"20":0,"21":0,"22":0,"23":0,"24":0,"25":0,"26":0,"27":0,"28":0,"29":0,"30":0,"31":0,"32":0,"33":0,"34":0,"35":0,"36":0,"37":0,"38":0,"39":0,"40":0},"b":{"0":[0,0],"1":[0,0],"2":[0,0],"3":[0,0],"4":[0,0],"5":[0,0],"6":[0,0],"7":[0,0],"8":[0,0]},"_coverageSchema":"1a1c01bbd47fc00a2c39e90264f33305004495a9","hash":"0864eb482b87c37c3ab5e3b48aefc38eda641f09"}
,"C:\\Users\\rishi\\OneDrive\\Desktop\\capstone\\S60_HOUSEOFSPICES_CAPSTONE\\SERVER\\schemajoi.js": {"path":"C:\\Users\\rishi\\OneDrive\\Desktop\\capstone\\S60_HOUSEOFSPICES_CAPSTONE\\SERVER\\schemajoi.js","statementMap":{"0":{"start":{"line":1,"column":12},"end":{"line":1,"column":26}},"1":{"start":{"line":3,"column":15},"end":{"line":9,"column":2}},"2":{"start":{"line":10,"column":0},"end":{"line":10,"column":24}}},"fnMap":{},"branchMap":{},"s":{"0":1,"1":1,"2":1},"f":{},"b":{},"_coverageSchema":"1a1c01bbd47fc00a2c39e90264f33305004495a9","hash":"b1e3c167ff17f6a515e257ebf460d89ce6aece18"}
,"C:\\Users\\rishi\\OneDrive\\Desktop\\capstone\\S60_HOUSEOFSPICES_CAPSTONE\\SERVER\\server.js": {"path":"C:\\Users\\rishi\\OneDrive\\Desktop\\capstone\\S60_HOUSEOFSPICES_CAPSTONE\\SERVER\\server.js","statementMap":{"0":{"start":{"line":1,"column":16},"end":{"line":1,"column":34}},"1":{"start":{"line":2,"column":12},"end":{"line":2,"column":21}},"2":{"start":{"line":3,"column":14},"end":{"line":3,"column":33}},"3":{"start":{"line":4,"column":26},"end":{"line":4,"column":44}},"4":{"start":{"line":5,"column":13},"end":{"line":5,"column":28}},"5":{"start":{"line":6,"column":13},"end":{"line":6,"column":28}},"6":{"start":{"line":7,"column":0},"end":{"line":7,"column":15}},"7":{"start":{"line":9,"column":4},"end":{"line":9,"column":36}},"8":{"start":{"line":11,"column":0},"end":{"line":11,"column":18}},"9":{"start":{"line":12,"column":0},"end":{"line":16,"column":3}},"10":{"start":{"line":13,"column":16},"end":{"line":13,"column":24}},"11":{"start":{"line":14,"column":16},"end":{"line":14,"column":51}},"12":{"start":{"line":15,"column":4},"end":{"line":15,"column":17}},"13":{"start":{"line":17,"column":0},"end":{"line":19,"column":5}},"14":{"start":{"line":18,"column":4},"end":{"line":18,"column":60}},"15":{"start":{"line":20,"column":0},"end":{"line":23,"column":3}},"16":{"start":{"line":21,"column":4},"end":{"line":21,"column":22}},"17":{"start":{"line":22,"column":4},"end":{"line":22,"column":44}}},"fnMap":{"0":{"name":"getted","decl":{"start":{"line":8,"column":9},"end":{"line":8,"column":15}},"loc":{"start":{"line":8,"column":17},"end":{"line":10,"column":1}},"line":8},"1":{"name":"(anonymous_1)","decl":{"start":{"line":12,"column":17},"end":{"line":12,"column":18}},"loc":{"start":{"line":12,"column":31},"end":{"line":16,"column":1}},"line":12},"2":{"name":"(anonymous_2)","decl":{"start":{"line":17,"column":25},"end":{"line":17,"column":26}},"loc":{"start":{"line":17,"column":39},"end":{"line":19,"column":3}},"line":17},"3":{"name":"(anonymous_3)","decl":{"start":{"line":20,"column":17},"end":{"line":20,"column":18}},"loc":{"start":{"line":20,"column":28},"end":{"line":23,"column":1}},"line":20}},"branchMap":{"0":{"loc":{"start":{"line":14,"column":16},"end":{"line":14,"column":51}},"type":"cond-expr","locations":[{"start":{"line":14,"column":20},"end":{"line":14,"column":34}},{"start":{"line":14,"column":35},"end":{"line":14,"column":51}}],"line":14}},"s":{"0":1,"1":1,"2":1,"3":1,"4":1,"5":1,"6":1,"7":1,"8":1,"9":1,"10":1,"11":1,"12":1,"13":1,"14":0,"15":1,"16":1,"17":0},"f":{"0":1,"1":1,"2":0,"3":1},"b":{"0":[0,1]},"_coverageSchema":"1a1c01bbd47fc00a2c39e90264f33305004495a9","hash":"d5e1bc0918794f7926c0cf8bcb64c8ed7caa7a5c"}
,"C:\\Users\\rishi\\OneDrive\\Desktop\\capstone\\S60_HOUSEOFSPICES_CAPSTONE\\SERVER\\spcies.js": {"path":"C:\\Users\\rishi\\OneDrive\\Desktop\\capstone\\S60_HOUSEOFSPICES_CAPSTONE\\SERVER\\spcies.js","statementMap":{"0":{"start":{"line":1,"column":15},"end":{"line":121,"column":1}},"1":{"start":{"line":123,"column":0},"end":{"line":123,"column":24}}},"fnMap":{},"branchMap":{},"s":{"0":1,"1":1},"f":{},"b":{},"_coverageSchema":"1a1c01bbd47fc00a2c39e90264f33305004495a9","hash":"5ccdae209fece03ffd76ef66dcc74c3aa393d75d"}
}
