TN:
SF:mongo.js
FN:6,backEnd
FNF:1
FNH:1
FNDA:1,backEnd
DA:1,1
DA:2,1
DA:3,1
DA:4,1
DA:5,1
DA:7,1
DA:8,1
DA:9,0
DA:11,0
DA:14,1
DA:36,1
DA:51,1
DA:62,1
DA:67,1
DA:72,1
DA:73,1
DA:74,1
DA:75,1
DA:76,1
LF:19
LH:17
BRF:0
BRH:0
end_of_record
TN:
SF:routes.js
FN:19,(anonymous_0)
FN:21,(anonymous_1)
FN:22,(anonymous_2)
FN:25,(anonymous_3)
FN:27,(anonymous_4)
FN:28,(anonymous_5)
FN:31,(anonymous_6)
FN:34,(anonymous_7)
FN:35,(anonymous_8)
FN:38,(anonymous_9)
FN:44,(anonymous_10)
FN:45,(anonymous_11)
FN:48,(anonymous_12)
FN:50,(anonymous_13)
FN:51,(anonymous_14)
FN:54,(anonymous_15)
FN:63,(anonymous_16)
FN:64,(anonymous_17)
FN:67,(anonymous_18)
FN:73,(anonymous_19)
FN:74,(anonymous_20)
FN:77,(anonymous_21)
FN:79,(anonymous_22)
FN:86,(anonymous_23)
FN:87,(anonymous_24)
FN:89,(anonymous_25)
FN:92,(anonymous_26)
FN:94,(anonymous_27)
FN:95,(anonymous_28)
FN:98,(anonymous_29)
FN:103,(anonymous_30)
FN:115,(anonymous_31)
FN:133,(anonymous_32)
FN:139,(anonymous_33)
FN:142,(anonymous_34)
FN:143,(anonymous_35)
FN:146,getcartdetails
FN:160,(anonymous_37)
FN:164,(anonymous_38)
FN:178,(anonymous_39)
FN:179,(anonymous_40)
FNF:41
FNH:0
FNDA:0,(anonymous_0)
FNDA:0,(anonymous_1)
FNDA:0,(anonymous_2)
FNDA:0,(anonymous_3)
FNDA:0,(anonymous_4)
FNDA:0,(anonymous_5)
FNDA:0,(anonymous_6)
FNDA:0,(anonymous_7)
FNDA:0,(anonymous_8)
FNDA:0,(anonymous_9)
FNDA:0,(anonymous_10)
FNDA:0,(anonymous_11)
FNDA:0,(anonymous_12)
FNDA:0,(anonymous_13)
FNDA:0,(anonymous_14)
FNDA:0,(anonymous_15)
FNDA:0,(anonymous_16)
FNDA:0,(anonymous_17)
FNDA:0,(anonymous_18)
FNDA:0,(anonymous_19)
FNDA:0,(anonymous_20)
FNDA:0,(anonymous_21)
FNDA:0,(anonymous_22)
FNDA:0,(anonymous_23)
FNDA:0,(anonymous_24)
FNDA:0,(anonymous_25)
FNDA:0,(anonymous_26)
FNDA:0,(anonymous_27)
FNDA:0,(anonymous_28)
FNDA:0,(anonymous_29)
FNDA:0,(anonymous_30)
FNDA:0,(anonymous_31)
FNDA:0,(anonymous_32)
FNDA:0,(anonymous_33)
FNDA:0,(anonymous_34)
FNDA:0,(anonymous_35)
FNDA:0,getcartdetails
FNDA:0,(anonymous_37)
FNDA:0,(anonymous_38)
FNDA:0,(anonymous_39)
FNDA:0,(anonymous_40)
DA:1,1
DA:2,1
DA:3,1
DA:4,1
DA:5,1
DA:6,1
DA:7,1
DA:8,1
DA:9,1
DA:11,1
DA:19,1
DA:20,0
DA:21,0
DA:22,0
DA:25,1
DA:26,0
DA:27,0
DA:28,0
DA:31,1
DA:32,0
DA:33,0
DA:34,0
DA:35,0
DA:38,1
DA:39,0
DA:40,0
DA:44,0
DA:45,0
DA:48,1
DA:49,0
DA:50,0
DA:51,0
DA:54,1
DA:55,0
DA:56,0
DA:63,0
DA:64,0
DA:67,1
DA:68,0
DA:69,0
DA:70,0
DA:72,0
DA:73,0
DA:74,0
DA:77,1
DA:78,0
DA:80,0
DA:86,0
DA:87,0
DA:89,0
DA:92,1
DA:93,0
DA:94,0
DA:95,0
DA:98,1
DA:99,0
DA:100,0
DA:102,0
DA:104,0
DA:105,0
DA:106,0
DA:107,0
DA:109,0
DA:115,0
DA:116,0
DA:117,0
DA:118,0
DA:120,0
DA:125,0
DA:126,0
DA:129,0
DA:130,0
DA:134,0
DA:135,0
DA:139,1
DA:140,0
DA:141,0
DA:142,0
DA:143,0
DA:148,0
DA:149,0
DA:150,0
DA:151,0
DA:154,0
DA:156,0
DA:157,0
DA:160,1
DA:161,0
DA:164,1
DA:165,0
DA:166,0
DA:167,0
DA:168,0
DA:170,0
DA:171,0
DA:172,0
DA:173,0
DA:178,0
DA:179,0
DA:180,0
DA:181,0
DA:183,0
DA:187,0
DA:188,0
DA:190,0
DA:194,1
LF:106
LH:24
BRDA:69,0,0,0
BRDA:69,0,1,0
BRDA:104,1,0,0
BRDA:104,1,1,0
BRDA:105,2,0,0
BRDA:105,2,1,0
BRDA:105,3,0,0
BRDA:105,3,1,0
BRDA:116,4,0,0
BRDA:116,4,1,0
BRDA:150,5,0,0
BRDA:150,5,1,0
BRDA:167,6,0,0
BRDA:167,6,1,0
BRDA:172,7,0,0
BRDA:172,7,1,0
BRDA:180,8,0,0
BRDA:180,8,1,0
BRF:18
BRH:0
end_of_record
TN:
SF:schemajoi.js
FNF:0
FNH:0
DA:1,1
DA:3,1
DA:10,1
LF:3
LH:3
BRF:0
BRH:0
end_of_record
TN:
SF:server.js
FN:8,getted
FN:12,(anonymous_1)
FN:17,(anonymous_2)
FN:20,(anonymous_3)
FNF:4
FNH:3
FNDA:1,getted
FNDA:1,(anonymous_1)
FNDA:0,(anonymous_2)
FNDA:1,(anonymous_3)
DA:1,1
DA:2,1
DA:3,1
DA:4,1
DA:5,1
DA:6,1
DA:7,1
DA:9,1
DA:11,1
DA:12,1
DA:13,1
DA:14,1
DA:15,1
DA:17,1
DA:18,0
DA:20,1
DA:21,1
DA:22,0
LF:18
LH:16
BRDA:14,0,0,0
BRDA:14,0,1,1
BRF:2
BRH:1
end_of_record
TN:
SF:spcies.js
FNF:0
FNH:0
DA:1,1
DA:123,1
LF:2
LH:2
BRF:0
BRH:0
end_of_record
